# JRE version: OpenJDK Runtime Environment (11.0.8+10) (build 11.0.8+10-b944.6842174)
# Java VM: OpenJDK 64-Bit Server VM (11.0.8+10-b944.6842174, mixed mode, tiered, compressed oops, g1 gc, windows-amd64)
Heap:
 garbage-first heap   total 262144K, used 140204K [0x0000000080000000, 0x0000000100000000)
  region size 1024K, 59 young (60416K), 10 survivors (10240K)
 Metaspace       used 101979K, capacity 104977K, committed 105196K, reserved 1140736K
  class space    used 13250K, capacity 14360K, committed 14412K, reserved 1048576K
GC Heap History (20 events):
Event: 3.399 GC heap before
{Heap before GC invocations=6 (full 0):
 garbage-first heap   total 262144K, used 113680K [0x0000000080000000, 0x0000000100000000)
  region size 1024K, 93 young (95232K), 6 survivors (6144K)
 Metaspace       used 43371K, capacity 44370K, committed 44620K, reserved 1087488K
  class space    used 5575K, capacity 5935K, committed 5964K, reserved 1048576K
}
Event: 3.406 GC heap after
{Heap after GC invocations=7 (full 0):
 garbage-first heap   total 262144K, used 26127K [0x0000000080000000, 0x0000000100000000)
  region size 1024K, 10 young (10240K), 10 survivors (10240K)
 Metaspace       used 43371K, capacity 44370K, committed 44620K, reserved 1087488K
  class space    used 5575K, capacity 5935K, committed 5964K, reserved 1048576K
}
Event: 4.507 GC heap before
{Heap before GC invocations=7 (full 0):
 garbage-first heap   total 262144K, used 164367K [0x0000000080000000, 0x0000000100000000)
  region size 1024K, 143 young (146432K), 10 survivors (10240K)
 Metaspace       used 55887K, capacity 57377K, committed 57676K, reserved 1099776K
  class space    used 7128K, capacity 7629K, committed 7756K, reserved 1048576K
}
Event: 4.518 GC heap after
{Heap after GC invocations=8 (full 0):
 garbage-first heap   total 262144K, used 40439K [0x0000000080000000, 0x0000000100000000)
  region size 1024K, 18 young (18432K), 18 survivors (18432K)
 Metaspace       used 55887K, capacity 57377K, committed 57676K, reserved 1099776K
  class space    used 7128K, capacity 7629K, committed 7756K, reserved 1048576K
}
Event: 4.792 GC heap before
{Heap before GC invocations=8 (full 0):
 garbage-first heap   total 262144K, used 69111K [0x0000000080000000, 0x0000000100000000)
  region size 1024K, 46 young (47104K), 18 survivors (18432K)
 Metaspace       used 58686K, capacity 60166K, committed 60236K, reserved 1101824K
  class space    used 7452K, capacity 7971K, committed 8012K, reserved 1048576K
}
Event: 4.813 GC heap after
{Heap after GC invocations=9 (full 0):
 garbage-first heap   total 262144K, used 45170K [0x0000000080000000, 0x0000000100000000)
  region size 1024K, 5 young (5120K), 5 survivors (5120K)
 Metaspace       used 58686K, capacity 60166K, committed 60236K, reserved 1101824K
  class space    used 7452K, capacity 7971K, committed 8012K, reserved 1048576K
}
Event: 5.639 GC heap before
{Heap before GC invocations=10 (full 0):
 garbage-first heap   total 262144K, used 137330K [0x0000000080000000, 0x0000000100000000)
  region size 1024K, 95 young (97280K), 5 survivors (5120K)
 Metaspace       used 67191K, capacity 68776K, committed 69068K, reserved 1110016K
  class space    used 8791K, capacity 9335K, committed 9420K, reserved 1048576K
}
Event: 5.645 GC heap after
{Heap after GC invocations=11 (full 0):
 garbage-first heap   total 262144K, used 48460K [0x0000000080000000, 0x0000000100000000)
  region size 1024K, 8 young (8192K), 8 survivors (8192K)
 Metaspace       used 67191K, capacity 68776K, committed 69068K, reserved 1110016K
  class space    used 8791K, capacity 9335K, committed 9420K, reserved 1048576K
}
Event: 6.636 GC heap before
{Heap before GC invocations=11 (full 0):
 garbage-first heap   total 262144K, used 147788K [0x0000000080000000, 0x0000000100000000)
  region size 1024K, 106 young (108544K), 8 survivors (8192K)
 Metaspace       used 75935K, capacity 78046K, committed 78156K, reserved 1116160K
  class space    used 10005K, capacity 10750K, committed 10828K, reserved 1048576K
}
Event: 6.646 GC heap after
{Heap after GC invocations=12 (full 0):
 garbage-first heap   total 262144K, used 55451K [0x0000000080000000, 0x0000000100000000)
  region size 1024K, 13 young (13312K), 13 survivors (13312K)
 Metaspace       used 75935K, capacity 78046K, committed 78156K, reserved 1116160K
  class space    used 10005K, capacity 10750K, committed 10828K, reserved 1048576K
}
Event: 7.152 GC heap before
{Heap before GC invocations=12 (full 0):
 garbage-first heap   total 262144K, used 158875K [0x0000000080000000, 0x0000000100000000)
  region size 1024K, 116 young (118784K), 13 survivors (13312K)
 Metaspace       used 77424K, capacity 79693K, committed 79820K, reserved 1118208K
  class space    used 10136K, capacity 10904K, committed 10956K, reserved 1048576K
}
Event: 7.163 GC heap after
{Heap after GC invocations=13 (full 0):
 garbage-first heap   total 262144K, used 62587K [0x0000000080000000, 0x0000000100000000)
  region size 1024K, 14 young (14336K), 14 survivors (14336K)
 Metaspace       used 77424K, capacity 79693K, committed 79820K, reserved 1118208K
  class space    used 10136K, capacity 10904K, committed 10956K, reserved 1048576K
}
Event: 8.680 GC heap before
{Heap before GC invocations=13 (full 0):
 garbage-first heap   total 262144K, used 168059K [0x0000000080000000, 0x0000000100000000)
  region size 1024K, 118 young (120832K), 14 survivors (14336K)
 Metaspace       used 81676K, capacity 83916K, committed 84172K, reserved 1122304K
  class space    used 10648K, capacity 11429K, committed 11468K, reserved 1048576K
}
Event: 8.690 GC heap after
{Heap after GC invocations=14 (full 0):
 garbage-first heap   total 262144K, used 68573K [0x0000000080000000, 0x0000000100000000)
  region size 1024K, 13 young (13312K), 13 survivors (13312K)
 Metaspace       used 81676K, capacity 83916K, committed 84172K, reserved 1122304K
  class space    used 10648K, capacity 11429K, committed 11468K, reserved 1048576K
}
Event: 9.284 GC heap before
{Heap before GC invocations=14 (full 0):
 garbage-first heap   total 262144K, used 177117K [0x0000000080000000, 0x0000000100000000)
  region size 1024K, 120 young (122880K), 13 survivors (13312K)
 Metaspace       used 83732K, capacity 86105K, committed 86220K, reserved 1124352K
  class space    used 10879K, capacity 11712K, committed 11724K, reserved 1048576K
}
Event: 9.295 GC heap after
{Heap after GC invocations=15 (full 0):
 garbage-first heap   total 262144K, used 77223K [0x0000000080000000, 0x0000000100000000)
  region size 1024K, 15 young (15360K), 15 survivors (15360K)
 Metaspace       used 83732K, capacity 86105K, committed 86220K, reserved 1124352K
  class space    used 10879K, capacity 11712K, committed 11724K, reserved 1048576K
}
Event: 11.029 GC heap before
{Heap before GC invocations=15 (full 0):
 garbage-first heap   total 262144K, used 186791K [0x0000000080000000, 0x0000000100000000)
  region size 1024K, 121 young (123904K), 15 survivors (15360K)
 Metaspace       used 93053K, capacity 95592K, committed 95820K, reserved 1132544K
  class space    used 11898K, capacity 12772K, committed 12876K, reserved 1048576K
}
Event: 11.046 GC heap after
{Heap after GC invocations=16 (full 0):
 garbage-first heap   total 262144K, used 94330K [0x0000000080000000, 0x0000000100000000)
  region size 1024K, 16 young (16384K), 16 survivors (16384K)
 Metaspace       used 93053K, capacity 95592K, committed 95820K, reserved 1132544K
  class space    used 11898K, capacity 12772K, committed 12876K, reserved 1048576K
}
Event: 11.634 GC heap before
{Heap before GC invocations=16 (full 0):
 garbage-first heap   total 262144K, used 167034K [0x0000000080000000, 0x0000000100000000)
  region size 1024K, 85 young (87040K), 16 survivors (16384K)
 Metaspace       used 97818K, capacity 100661K, committed 100812K, reserved 1136640K
  class space    used 12613K, capacity 13653K, committed 13772K, reserved 1048576K
}
Event: 11.646 GC heap after
{Heap after GC invocations=17 (full 0):
 garbage-first heap   total 262144K, used 92076K [0x0000000080000000, 0x0000000100000000)
  region size 1024K, 10 young (10240K), 10 survivors (10240K)
 Metaspace       used 97818K, capacity 100661K, committed 100812K, reserved 1136640K
  class space    used 12613K, capacity 13653K, committed 13772K, reserved 1048576K
}

