# JRE version: OpenJDK Runtime Environment (11.0.8+10) (build 11.0.8+10-b944.6842174)
# Java VM: OpenJDK 64-Bit Server VM (11.0.8+10-b944.6842174, mixed mode, tiered, compressed oops, g1 gc, windows-amd64)
Heap:
 garbage-first heap   total 262144K, used 125861K [0x0000000080000000, 0x0000000100000000)
  region size 1024K, 10 young (10240K), 3 survivors (3072K)
 Metaspace       used 116558K, capacity 119313K, committed 122540K, reserved 1155072K
  class space    used 14508K, capacity 15478K, committed 16812K, reserved 1048576K
GC Heap History (20 events):
Event: 9.016 GC heap before
{Heap before GC invocations=14 (full 0):
 garbage-first heap   total 262144K, used 175044K [0x0000000080000000, 0x0000000100000000)
  region size 1024K, 101 young (103424K), 7 survivors (7168K)
 Metaspace       used 87652K, capacity 89943K, committed 90028K, reserved 1126400K
  class space    used 11325K, capacity 12151K, committed 12204K, reserved 1048576K
}
Event: 9.024 GC heap after
{Heap after GC invocations=15 (full 0):
 garbage-first heap   total 262144K, used 84215K [0x0000000080000000, 0x0000000100000000)
  region size 1024K, 11 young (11264K), 11 survivors (11264K)
 Metaspace       used 87652K, capacity 89943K, committed 90028K, reserved 1126400K
  class space    used 11325K, capacity 12151K, committed 12204K, reserved 1048576K
}
Event: 10.529 GC heap before
{Heap before GC invocations=15 (full 0):
 garbage-first heap   total 262144K, used 182519K [0x0000000080000000, 0x0000000100000000)
  region size 1024K, 108 young (110592K), 11 survivors (11264K)
 Metaspace       used 89548K, capacity 91866K, committed 92076K, reserved 1128448K
  class space    used 11511K, capacity 12341K, committed 12460K, reserved 1048576K
}
Event: 10.537 GC heap after
{Heap after GC invocations=16 (full 0):
 garbage-first heap   total 262144K, used 88521K [0x0000000080000000, 0x0000000100000000)
  region size 1024K, 10 young (10240K), 10 survivors (10240K)
 Metaspace       used 89548K, capacity 91866K, committed 92076K, reserved 1128448K
  class space    used 11511K, capacity 12341K, committed 12460K, reserved 1048576K
}
Event: 11.586 GC heap before
{Heap before GC invocations=16 (full 0):
 garbage-first heap   total 262144K, used 178633K [0x0000000080000000, 0x0000000100000000)
  region size 1024K, 98 young (100352K), 10 survivors (10240K)
 Metaspace       used 97638K, capacity 100108K, committed 100268K, reserved 1136640K
  class space    used 12494K, capacity 13385K, committed 13484K, reserved 1048576K
}
Event: 11.618 GC heap after
{Heap after GC invocations=17 (full 0):
 garbage-first heap   total 262144K, used 104180K [0x0000000080000000, 0x0000000100000000)
  region size 1024K, 14 young (14336K), 14 survivors (14336K)
 Metaspace       used 97638K, capacity 100108K, committed 100268K, reserved 1136640K
  class space    used 12494K, capacity 13385K, committed 13484K, reserved 1048576K
}
Event: 12.538 GC heap before
{Heap before GC invocations=18 (full 0):
 garbage-first heap   total 262144K, used 193268K [0x0000000080000000, 0x0000000100000000)
  region size 1024K, 104 young (106496K), 14 survivors (14336K)
 Metaspace       used 101127K, capacity 103402K, committed 103980K, reserved 1138688K
  class space    used 12751K, capacity 13600K, committed 13868K, reserved 1048576K
}
Event: 12.545 GC heap after
{Heap after GC invocations=19 (full 0):
 garbage-first heap   total 262144K, used 96709K [0x0000000080000000, 0x0000000100000000)
  region size 1024K, 4 young (4096K), 4 survivors (4096K)
 Metaspace       used 101127K, capacity 103402K, committed 103980K, reserved 1138688K
  class space    used 12751K, capacity 13600K, committed 13868K, reserved 1048576K
}
Event: 12.999 GC heap before
{Heap before GC invocations=19 (full 0):
 garbage-first heap   total 262144K, used 192965K [0x0000000080000000, 0x0000000100000000)
  region size 1024K, 99 young (101376K), 4 survivors (4096K)
 Metaspace       used 109883K, capacity 113429K, committed 113708K, reserved 1146880K
  class space    used 14394K, capacity 15836K, committed 15916K, reserved 1048576K
}
Event: 13.012 GC heap after
{Heap after GC invocations=20 (full 0):
 garbage-first heap   total 262144K, used 111030K [0x0000000080000000, 0x0000000100000000)
  region size 1024K, 13 young (13312K), 13 survivors (13312K)
 Metaspace       used 109883K, capacity 113429K, committed 113708K, reserved 1146880K
  class space    used 14394K, capacity 15836K, committed 15916K, reserved 1048576K
}
Event: 13.399 GC heap before
{Heap before GC invocations=20 (full 0):
 garbage-first heap   total 262144K, used 201142K [0x0000000080000000, 0x0000000100000000)
  region size 1024K, 101 young (103424K), 13 survivors (13312K)
 Metaspace       used 112136K, capacity 115959K, committed 116140K, reserved 1148928K
  class space    used 14665K, capacity 16184K, committed 16300K, reserved 1048576K
}
Event: 13.406 GC heap after
{Heap after GC invocations=21 (full 0):
 garbage-first heap   total 262144K, used 111015K [0x0000000080000000, 0x0000000100000000)
  region size 1024K, 5 young (5120K), 5 survivors (5120K)
 Metaspace       used 112136K, capacity 115959K, committed 116140K, reserved 1148928K
  class space    used 14665K, capacity 16184K, committed 16300K, reserved 1048576K
}
Event: 13.712 GC heap before
{Heap before GC invocations=21 (full 0):
 garbage-first heap   total 262144K, used 158119K [0x0000000080000000, 0x0000000100000000)
  region size 1024K, 41 young (41984K), 5 survivors (5120K)
 Metaspace       used 113948K, capacity 117783K, committed 117932K, reserved 1150976K
  class space    used 14919K, capacity 16468K, committed 16556K, reserved 1048576K
}
Event: 13.718 GC heap after
{Heap after GC invocations=22 (full 0):
 garbage-first heap   total 262144K, used 118448K [0x0000000080000000, 0x0000000100000000)
  region size 1024K, 4 young (4096K), 4 survivors (4096K)
 Metaspace       used 113948K, capacity 117783K, committed 117932K, reserved 1150976K
  class space    used 14919K, capacity 16468K, committed 16556K, reserved 1048576K
}
Event: 1752.612 GC heap before
{Heap before GC invocations=23 (full 0):
 garbage-first heap   total 262144K, used 210608K [0x0000000080000000, 0x0000000100000000)
  region size 1024K, 92 young (94208K), 4 survivors (4096K)
 Metaspace       used 115904K, capacity 118638K, committed 121644K, reserved 1155072K
  class space    used 14493K, capacity 15472K, committed 16684K, reserved 1048576K
}
Event: 1752.617 GC heap after
{Heap after GC invocations=24 (full 0):
 garbage-first heap   total 262144K, used 111633K [0x0000000080000000, 0x0000000100000000)
  region size 1024K, 6 young (6144K), 6 survivors (6144K)
 Metaspace       used 115904K, capacity 118638K, committed 121644K, reserved 1155072K
  class space    used 14493K, capacity 15472K, committed 16684K, reserved 1048576K
}
Event: 1752.642 GC heap before
{Heap before GC invocations=24 (full 0):
 garbage-first heap   total 262144K, used 116753K [0x0000000080000000, 0x0000000100000000)
  region size 1024K, 12 young (12288K), 6 survivors (6144K)
 Metaspace       used 115912K, capacity 118640K, committed 121644K, reserved 1155072K
  class space    used 14493K, capacity 15472K, committed 16684K, reserved 1048576K
}
Event: 1752.647 GC heap after
{Heap after GC invocations=25 (full 0):
 garbage-first heap   total 262144K, used 107693K [0x0000000080000000, 0x0000000100000000)
  region size 1024K, 1 young (1024K), 1 survivors (1024K)
 Metaspace       used 115912K, capacity 118640K, committed 121644K, reserved 1155072K
  class space    used 14493K, capacity 15472K, committed 16684K, reserved 1048576K
}
Event: 1753.076 GC heap before
{Heap before GC invocations=25 (full 0):
 garbage-first heap   total 262144K, used 184493K [0x0000000080000000, 0x0000000100000000)
  region size 1024K, 67 young (68608K), 1 survivors (1024K)
 Metaspace       used 116506K, capacity 119252K, committed 122540K, reserved 1155072K
  class space    used 14523K, capacity 15504K, committed 16812K, reserved 1048576K
}
Event: 1753.087 GC heap after
{Heap after GC invocations=26 (full 0):
 garbage-first heap   total 262144K, used 127928K [0x0000000080000000, 0x0000000100000000)
  region size 1024K, 13 young (13312K), 13 survivors (13312K)
 Metaspace       used 116506K, capacity 119252K, committed 122540K, reserved 1155072K
  class space    used 14523K, capacity 15504K, committed 16812K, reserved 1048576K
}

