# JRE version: OpenJDK Runtime Environment (11.0.8+10) (build 11.0.8+10-b944.6842174)
# Java VM: OpenJDK 64-Bit Server VM (11.0.8+10-b944.6842174, mixed mode, tiered, compressed oops, g1 gc, windows-amd64)
Heap:
 garbage-first heap   total 262144K, used 148841K [0x0000000080000000, 0x0000000100000000)
  region size 1024K, 107 young (109568K), 18 survivors (18432K)
 Metaspace       used 81806K, capacity 84117K, committed 84172K, reserved 1122304K
  class space    used 10695K, capacity 11509K, committed 11520K, reserved 1048576K
GC Heap History (16 events):
Event: 0.610 GC heap before
{Heap before GC invocations=0 (full 0):
 garbage-first heap   total 262144K, used 29696K [0x0000000080000000, 0x0000000100000000)
  region size 1024K, 24 young (24576K), 0 survivors (0K)
 Metaspace       used 10419K, capacity 10695K, committed 11008K, reserved 1058816K
  class space    used 1092K, capacity 1161K, committed 1280K, reserved 1048576K
}
Event: 0.614 GC heap after
{Heap after GC invocations=1 (full 0):
 garbage-first heap   total 262144K, used 8831K [0x0000000080000000, 0x0000000100000000)
  region size 1024K, 3 young (3072K), 3 survivors (3072K)
 Metaspace       used 10419K, capacity 10695K, committed 11008K, reserved 1058816K
  class space    used 1092K, capacity 1161K, committed 1280K, reserved 1048576K
}
Event: 1.651 GC heap before
{Heap before GC invocations=1 (full 0):
 garbage-first heap   total 262144K, used 94847K [0x0000000080000000, 0x0000000100000000)
  region size 1024K, 88 young (90112K), 3 survivors (3072K)
 Metaspace       used 20577K, capacity 21103K, committed 21248K, reserved 1067008K
  class space    used 2525K, capacity 2712K, committed 2816K, reserved 1048576K
}
Event: 1.658 GC heap after
{Heap after GC invocations=2 (full 0):
 garbage-first heap   total 262144K, used 16169K [0x0000000080000000, 0x0000000100000000)
  region size 1024K, 11 young (11264K), 11 survivors (11264K)
 Metaspace       used 20577K, capacity 21103K, committed 21248K, reserved 1067008K
  class space    used 2525K, capacity 2712K, committed 2816K, reserved 1048576K
}
Event: 1.930 GC heap before
{Heap before GC invocations=3 (full 0):
 garbage-first heap   total 262144K, used 47913K [0x0000000080000000, 0x0000000100000000)
  region size 1024K, 43 young (44032K), 11 survivors (11264K)
 Metaspace       used 24278K, capacity 24930K, committed 25216K, reserved 1071104K
  class space    used 3114K, capacity 3331K, committed 3456K, reserved 1048576K
}
Event: 1.935 GC heap after
{Heap after GC invocations=4 (full 0):
 garbage-first heap   total 262144K, used 17665K [0x0000000080000000, 0x0000000100000000)
  region size 1024K, 2 young (2048K), 2 survivors (2048K)
 Metaspace       used 24278K, capacity 24930K, committed 25216K, reserved 1071104K
  class space    used 3114K, capacity 3331K, committed 3456K, reserved 1048576K
}
Event: 2.603 GC heap before
{Heap before GC invocations=4 (full 0):
 garbage-first heap   total 262144K, used 85249K [0x0000000080000000, 0x0000000100000000)
  region size 1024K, 69 young (70656K), 2 survivors (2048K)
 Metaspace       used 35055K, capacity 35753K, committed 35840K, reserved 1081344K
  class space    used 4562K, capacity 4856K, committed 4864K, reserved 1048576K
}
Event: 2.609 GC heap after
{Heap after GC invocations=5 (full 0):
 garbage-first heap   total 262144K, used 21292K [0x0000000080000000, 0x0000000100000000)
  region size 1024K, 6 young (6144K), 6 survivors (6144K)
 Metaspace       used 35055K, capacity 35753K, committed 35840K, reserved 1081344K
  class space    used 4562K, capacity 4856K, committed 4864K, reserved 1048576K
}
Event: 3.497 GC heap before
{Heap before GC invocations=6 (full 0):
 garbage-first heap   total 262144K, used 130860K [0x0000000080000000, 0x0000000100000000)
  region size 1024K, 110 young (112640K), 6 survivors (6144K)
 Metaspace       used 44108K, capacity 45202K, committed 45516K, reserved 1089536K
  class space    used 5680K, capacity 6041K, committed 6144K, reserved 1048576K
}
Event: 3.503 GC heap after
{Heap after GC invocations=7 (full 0):
 garbage-first heap   total 262144K, used 26514K [0x0000000080000000, 0x0000000100000000)
  region size 1024K, 11 young (11264K), 11 survivors (11264K)
 Metaspace       used 44108K, capacity 45202K, committed 45516K, reserved 1089536K
  class space    used 5680K, capacity 6041K, committed 6144K, reserved 1048576K
}
Event: 4.724 GC heap before
{Heap before GC invocations=7 (full 0):
 garbage-first heap   total 262144K, used 170898K [0x0000000080000000, 0x0000000100000000)
  region size 1024K, 150 young (153600K), 11 survivors (11264K)
 Metaspace       used 58600K, capacity 60072K, committed 60236K, reserved 1101824K
  class space    used 7439K, capacity 7939K, committed 8064K, reserved 1048576K
}
Event: 4.751 GC heap after
{Heap after GC invocations=8 (full 0):
 garbage-first heap   total 262144K, used 42732K [0x0000000080000000, 0x0000000100000000)
  region size 1024K, 20 young (20480K), 20 survivors (20480K)
 Metaspace       used 58600K, capacity 60072K, committed 60236K, reserved 1101824K
  class space    used 7439K, capacity 7939K, committed 8064K, reserved 1048576K
}
Event: 6.003 GC heap before
{Heap before GC invocations=9 (full 0):
 garbage-first heap   total 262144K, used 178924K [0x0000000080000000, 0x0000000100000000)
  region size 1024K, 153 young (156672K), 20 survivors (20480K)
 Metaspace       used 71608K, capacity 73266K, committed 73548K, reserved 1112064K
  class space    used 9420K, capacity 10003K, committed 10112K, reserved 1048576K
}
Event: 6.018 GC heap after
{Heap after GC invocations=10 (full 0):
 garbage-first heap   total 262144K, used 51117K [0x0000000080000000, 0x0000000100000000)
  region size 1024K, 10 young (10240K), 10 survivors (10240K)
 Metaspace       used 71608K, capacity 73266K, committed 73548K, reserved 1112064K
  class space    used 9420K, capacity 10003K, committed 10112K, reserved 1048576K
}
Event: 6.983 GC heap before
{Heap before GC invocations=10 (full 0):
 garbage-first heap   total 262144K, used 186285K [0x0000000080000000, 0x0000000100000000)
  region size 1024K, 143 young (146432K), 10 survivors (10240K)
 Metaspace       used 77318K, capacity 79531K, committed 79820K, reserved 1118208K
  class space    used 10134K, capacity 10950K, committed 11008K, reserved 1048576K
}
Event: 6.994 GC heap after
{Heap after GC invocations=11 (full 0):
 garbage-first heap   total 262144K, used 59753K [0x0000000080000000, 0x0000000100000000)
  region size 1024K, 18 young (18432K), 18 survivors (18432K)
 Metaspace       used 77318K, capacity 79531K, committed 79820K, reserved 1118208K
  class space    used 10134K, capacity 10950K, committed 11008K, reserved 1048576K
}

